\BOOKMARK [0][-]{chapter.1}{\376\377\000W\000p\000r\000o\000w\000a\000d\000z\000e\000n\000i\000e}{}% 1
\BOOKMARK [0][-]{chapter.2}{\376\377\000P\000r\000z\000e\000g\000l\001\005\000d\000\040\000l\000i\000t\000e\000r\000a\000t\000u\000r\000y}{}% 2
\BOOKMARK [1][-]{section.2.1}{\376\377\000S\000p\000r\000z\000e\000t\000\137\000d\000l\000a\000\137\000b\000a\000z\000y\000\137\000d\000a\000n\000y\000c\000h\000\040\000d\000o\000c\000u\000m\000e\000n\000t\000a\000t\000i\000o\000n}{chapter.2}% 3
\BOOKMARK [2][-]{subsection.2.1.1}{\376\377\000S\000p\000r\000z\001\031\000t\000\040\000d\000l\000a\000\040\000b\000a\000z\000\040\000d\000a\000n\000y\000c\000h}{section.2.1}% 4
\BOOKMARK [3][-]{subsubsection.2.1.1.1}{\376\377\000W\000s\000t\001\031\000p}{subsection.2.1.1}% 5
\BOOKMARK [3][-]{subsubsection.2.1.1.2}{\376\377\000S\000p\000r\000z\001\031\000t\000\040\000d\000l\000a\000\040\000b\000a\000z\000y\000\040\000d\000a\000n\000y\000c\000h\000\040\000P\000o\000s\000t\000g\000r\000e\000S\000Q\000L}{subsection.2.1.1}% 6
\BOOKMARK [4][-]{paragraph*.3}{\376\377\000P\000r\000o\000c\000e\000s\000o\000r}{subsubsection.2.1.1.2}% 7
\BOOKMARK [4][-]{paragraph*.4}{\376\377\000P\000a\000m\000i\001\031\001\007\000\040\000o\000p\000e\000r\000a\000c\000y\000j\000n\000a}{subsubsection.2.1.1.2}% 8
\BOOKMARK [4][-]{paragraph*.5}{\376\377\000P\000r\000z\000e\000s\000t\000r\000z\000e\001\104\000\040\000d\000y\000s\000k\000o\000w\000a}{subsubsection.2.1.1.2}% 9
\BOOKMARK [4][-]{paragraph*.6}{\376\377\000S\000i\000e\001\007\000\040\000i\000n\000t\000e\000r\000n\000e\000t\000o\000w\000a}{subsubsection.2.1.1.2}% 10
\BOOKMARK [4][-]{paragraph*.7}{\376\377\000Z\000a\000s\000i\000l\000a\000n\000i\000e}{subsubsection.2.1.1.2}% 11
\BOOKMARK [4][-]{paragraph*.8}{\376\377\000C\000h\001\102\000o\000d\000z\000e\000n\000i\000e}{subsubsection.2.1.1.2}% 12
\BOOKMARK [3][-]{subsubsection.2.1.1.3}{\376\377\000S\000p\000r\000z\001\031\000t\000\040\000d\000l\000a\000\040\000b\000a\000z\000y\000\040\000d\000a\000n\000y\000c\000h\000\040\000S\000Q\000L\000i\000t\000e}{subsection.2.1.1}% 13
\BOOKMARK [4][-]{paragraph*.9}{\376\377\000P\000r\000o\000c\000e\000s\000o\000r}{subsubsection.2.1.1.3}% 14
\BOOKMARK [4][-]{paragraph*.10}{\376\377\000P\000a\000m\000i\001\031\001\007\000\040\000o\000p\000e\000r\000a\000c\000y\000j\000n\000a}{subsubsection.2.1.1.3}% 15
\BOOKMARK [4][-]{paragraph*.11}{\376\377\000P\000r\000z\000e\000s\000t\000r\000z\000e\001\104\000\040\000d\000y\000s\000k\000o\000w\000a}{subsubsection.2.1.1.3}% 16
\BOOKMARK [4][-]{paragraph*.12}{\376\377\000S\000i\000e\001\007\000\040\000i\000n\000t\000e\000r\000n\000e\000t\000o\000w\000a}{subsubsection.2.1.1.3}% 17
\BOOKMARK [4][-]{paragraph*.13}{\376\377\000Z\000a\000s\000i\000l\000a\000n\000i\000e}{subsubsection.2.1.1.3}% 18
\BOOKMARK [4][-]{paragraph*.14}{\376\377\000C\000h\001\102\000o\000d\000z\000e\000n\000i\000e}{subsubsection.2.1.1.3}% 19
\BOOKMARK [3][-]{subsubsection.2.1.1.4}{\376\377\000P\000o\000d\000s\000u\000m\000o\000w\000a\000n\000i\000e}{subsection.2.1.1}% 20
\BOOKMARK [1][-]{section.2.2}{\376\377\000I\000n\000d\000i\000c\000e\000s\000\040\000a\000n\000d\000\040\000t\000a\000b\000l\000e\000s}{chapter.2}% 21
\BOOKMARK [1][-]{section.2.3}{\376\377\000K\000o\000n\000f\000i\000g\000u\000r\000a\000c\000j\000a\000\040\000b\000a\000z\000\040\000d\000a\000n\000y\000c\000h}{chapter.2}% 22
\BOOKMARK [2][-]{subsection.2.3.1}{\376\377\000S\000p\000r\000a\000w\000o\000z\000d\000a\000n\000i\000e\000:\000\040\000K\000o\000n\000f\000i\000g\000u\000r\000a\000c\000j\000a\000\040\000i\000\040\000Z\000a\000r\000z\001\005\000d\000z\000a\000n\000i\000e\000\040\000B\000a\000z\001\005\000\040\000D\000a\000n\000y\000c\000h}{section.2.3}% 23
\BOOKMARK [3][-]{subsubsection.2.3.1.1}{\376\377\0001\000.\000\040\000K\000o\000n\000f\000i\000g\000u\000r\000a\000c\000j\000a\000\040\000b\000a\000z\000y\000\040\000d\000a\000n\000y\000c\000h}{subsection.2.3.1}% 24
\BOOKMARK [3][-]{subsubsection.2.3.1.2}{\376\377\0002\000.\000\040\000L\000o\000k\000a\000l\000i\000z\000a\000c\000j\000a\000\040\000i\000\040\000s\000t\000r\000u\000k\000t\000u\000r\000a\000\040\000k\000a\000t\000a\000l\000o\000g\000\363\000w}{subsection.2.3.1}% 25
\BOOKMARK [3][-]{subsubsection.2.3.1.3}{\376\377\0003\000.\000\040\000K\000a\000t\000a\000l\000o\000g\000\040\000d\000a\000n\000y\000c\000h}{subsection.2.3.1}% 26
\BOOKMARK [3][-]{subsubsection.2.3.1.4}{\376\377\0004\000.\000\040\000P\000o\000d\000z\000i\000a\001\102\000\040\000k\000o\000n\000f\000i\000g\000u\000r\000a\000c\000j\000i\000\040\000n\000a\000\040\000p\000o\000d\000p\000l\000i\000k\000i}{subsection.2.3.1}% 27
\BOOKMARK [3][-]{subsubsection.2.3.1.5}{\376\377\0005\000.\000\040\000K\000a\000t\000a\000l\000o\000g\000\040\000K\000o\000n\000f\000i\000g\000u\000r\000a\000c\000y\000j\000n\000y}{subsection.2.3.1}% 28
\BOOKMARK [3][-]{subsubsection.2.3.1.6}{\376\377\0006\000.\000\040\000K\000a\000t\000a\000l\000o\000g\000\040\000l\000o\000g\000\363\000w\000\040\000i\000\040\000s\000t\000r\000u\000k\000t\000u\000r\000a\000\040\000k\000a\000t\000a\000l\000o\000g\000\363\000w\000\040\000w\000\040\000P\000o\000s\000t\000g\000r\000e\000S\000Q\000L}{subsection.2.3.1}% 29
\BOOKMARK [3][-]{subsubsection.2.3.1.7}{\376\377\0007\000.\000\040\000P\000r\000z\000e\000c\000h\000o\000w\000y\000w\000a\000n\000i\000e\000\040\000i\000\040\000l\000o\000k\000a\000l\000i\000z\000a\000c\000j\000a\000\040\000p\000l\000i\000k\000\363\000w\000\040\000k\000o\000n\000f\000i\000g\000u\000r\000a\000c\000y\000j\000n\000y\000c\000h}{subsection.2.3.1}% 30
\BOOKMARK [3][-]{subsubsection.2.3.1.8}{\376\377\0008\000.\000\040\000P\000o\000d\000s\000t\000a\000w\000o\000w\000e\000\040\000p\000a\000r\000a\000m\000e\000t\000r\000y\000\040\000k\000o\000n\000f\000i\000g\000u\000r\000a\000c\000y\000j\000n\000e}{subsection.2.3.1}% 31
\BOOKMARK [3][-]{subsubsection.2.3.1.9}{\376\377\0009\000.\000\040\000W\000s\000t\001\031\000p\000\040\000t\000e\000o\000r\000e\000t\000y\000c\000z\000n\000y}{subsection.2.3.1}% 32
\BOOKMARK [4][-]{paragraph*.15}{\376\377\0009\000.\0001\000\040\000K\000l\000a\000s\000y\000f\000i\000k\000a\000c\000j\000a\000\040\000s\000y\000s\000t\000e\000m\000\363\000w\000\040\000z\000a\000r\000z\001\005\000d\000z\000a\000n\000i\000a\000\040\000b\000a\000z\001\005\000\040\000d\000a\000n\000y\000c\000h}{subsubsection.2.3.1.9}% 33
\BOOKMARK [4][-]{paragraph*.16}{\376\377\0009\000.\0002\000\040\000S\000Q\000L\000i\000t\000e}{subsubsection.2.3.1.9}% 34
\BOOKMARK [4][-]{paragraph*.17}{\376\377\0009\000.\0003\000\040\000P\000o\000s\000t\000g\000r\000e\000S\000Q\000L}{subsubsection.2.3.1.9}% 35
\BOOKMARK [4][-]{paragraph*.18}{\376\377\0009\000.\0004\000\040\000C\000e\000l\000\040\000u\001\174\000y\000c\000i\000a\000\040\000o\000b\000u\000\040\000s\000y\000s\000t\000e\000m\000\363\000w}{subsubsection.2.3.1.9}% 36
\BOOKMARK [3][-]{subsubsection.2.3.1.10}{\376\377\0001\0000\000.\000\040\000Z\000a\000r\000z\001\005\000d\000z\000a\000n\000i\000e\000\040\000k\000o\000n\000f\000i\000g\000u\000r\000a\000c\000j\001\005\000\040\000w\000\040\000P\000o\000s\000t\000g\000r\000e\000S\000Q\000L}{subsection.2.3.1}% 37
\BOOKMARK [4][-]{paragraph*.19}{\376\377\0001\0000\000.\0001\000\040\000P\000l\000i\000k\000i\000\040\000k\000o\000n\000f\000i\000g\000u\000r\000a\000c\000y\000j\000n\000e}{subsubsection.2.3.1.10}% 38
\BOOKMARK [4][-]{paragraph*.20}{\376\377\0001\0000\000.\0002\000\040\000P\000r\000z\000y\000k\001\102\000a\000d\000o\000w\000e\000\040\000k\000l\000u\000c\000z\000o\000w\000e\000\040\000p\000a\000r\000a\000m\000e\000t\000r\000y\000\040\000p\000o\000s\000t\000g\000r\000e\000s\000q\000l\000.\000c\000o\000n\000f}{subsubsection.2.3.1.10}% 39
\BOOKMARK [4][-]{paragraph*.21}{\376\377\0001\0000\000.\0003\000\040\000S\000p\000o\000s\000o\000b\000y\000\040\000z\000m\000i\000a\000n\000y\000\040\000k\000o\000n\000f\000i\000g\000u\000r\000a\000c\000j\000i}{subsubsection.2.3.1.10}% 40
\BOOKMARK [4][-]{paragraph*.22}{\376\377\0001\0000\000.\0004\000\040\000S\000p\000r\000a\000w\000d\000z\000a\000n\000i\000e\000\040\000k\000o\000n\000f\000i\000g\000u\000r\000a\000c\000j\000i}{subsubsection.2.3.1.10}% 41
\BOOKMARK [4][-]{paragraph*.23}{\376\377\0001\0000\000.\0005\000\040\000N\000a\000r\000z\001\031\000d\000z\000i\000a\000\040\000p\000o\000m\000o\000c\000n\000i\000c\000z\000e}{subsubsection.2.3.1.10}% 42
\BOOKMARK [4][-]{paragraph*.24}{\376\377\0001\0000\000.\0006\000\040\000K\000o\000n\000t\000r\000o\000l\000a\000\040\000d\000o\000s\000t\001\031\000p\000u\000\040\000i\000\040\000m\000e\000c\000h\000a\000n\000i\000z\000m\000y\000\040\000u\000w\000i\000e\000r\000z\000y\000t\000e\000l\000n\000i\000a\000n\000i\000a}{subsubsection.2.3.1.10}% 43
\BOOKMARK [3][-]{subsubsection.2.3.1.11}{\376\377\0001\0001\000.\000\040\000P\000l\000a\000n\000o\000w\000a\000n\000i\000e}{subsection.2.3.1}% 44
\BOOKMARK [4][-]{paragraph*.25}{\376\377\0001\0001\000.\0001\000\040\000C\000o\000\040\000t\000o\000\040\000j\000e\000s\000t\000\040\000p\000l\000a\000n\000o\000w\000a\000n\000i\000e\000\040\000z\000a\000p\000y\000t\000a\001\104\000?}{subsubsection.2.3.1.11}% 45
\BOOKMARK [4][-]{paragraph*.26}{\376\377\0001\0001\000.\0002\000\040\000M\000e\000c\000h\000a\000n\000i\000z\000m\000\040\000p\000l\000a\000n\000o\000w\000a\000n\000i\000a\000\040\000w\000\040\000P\000o\000s\000t\000g\000r\000e\000S\000Q\000L}{subsubsection.2.3.1.11}% 46
\BOOKMARK [4][-]{paragraph*.27}{\376\377\0001\0001\000.\0003\000\040\000S\000t\000a\000t\000y\000s\000t\000y\000k\000i\000\040\000i\000\040\000i\000c\000h\000\040\000a\000k\000t\000u\000a\000l\000i\000z\000a\000c\000j\000a}{subsubsection.2.3.1.11}% 47
\BOOKMARK [4][-]{paragraph*.28}{\376\377\0001\0001\000.\0004\000\040\000T\000y\000p\000y\000\040\000p\000l\000a\000n\000\363\000w\000\040\000w\000y\000k\000o\000n\000a\000n\000i\000a}{subsubsection.2.3.1.11}% 48
\BOOKMARK [4][-]{paragraph*.29}{\376\377\0001\0001\000.\0005\000\040\000J\000a\000k\000\040\000s\000p\000r\000a\000w\000d\000z\000i\001\007\000\040\000p\000l\000a\000n\000\040\000z\000a\000p\000y\000t\000a\000n\000i\000a\000?}{subsubsection.2.3.1.11}% 49
\BOOKMARK [4][-]{paragraph*.30}{\376\377\0001\0001\000.\0006\000\040\000P\000a\000r\000a\000m\000e\000t\000r\000y\000\040\000p\000l\000a\000n\000o\000w\000a\000n\000i\000a\000\040\000i\000\040\000o\000p\000t\000y\000m\000a\000l\000i\000z\000a\000c\000j\000i}{subsubsection.2.3.1.11}% 50
\BOOKMARK [3][-]{subsubsection.2.3.1.12}{\376\377\0001\0002\000.\000\040\000T\000a\000b\000e\000l\000e\000\040\040\023\000\040\000r\000o\000z\000m\000i\000a\000r\000,\000\040\000p\000l\000a\000n\000o\000w\000a\000n\000i\000e\000\040\000i\000\040\000m\000o\000n\000i\000t\000o\000r\000o\000w\000a\000n\000i\000e}{subsection.2.3.1}% 51
\BOOKMARK [4][-]{paragraph*.31}{\376\377\0001\0002\000.\0001\000\040\000R\000o\000z\000m\000i\000a\000r\000\040\000t\000a\000b\000e\000l\000i}{subsubsection.2.3.1.12}% 52
\BOOKMARK [4][-]{paragraph*.32}{\376\377\0001\0002\000.\0002\000\040\000P\000l\000a\000n\000o\000w\000a\000n\000i\000e\000\040\000r\000o\000z\000m\000i\000a\000r\000u\000\040\000i\000\040\000j\000e\000g\000o\000\040\000k\000o\000n\000t\000r\000o\000l\000a}{subsubsection.2.3.1.12}% 53
\BOOKMARK [4][-]{paragraph*.33}{\376\377\0001\0002\000.\0003\000\040\000M\000o\000n\000i\000t\000o\000r\000o\000w\000a\000n\000i\000e\000\040\000r\000o\000z\000m\000i\000a\000r\000u\000\040\000t\000a\000b\000e\000l}{subsubsection.2.3.1.12}% 54
\BOOKMARK [4][-]{paragraph*.34}{\376\377\0001\0002\000.\0004\000\040\000P\000l\000a\000n\000o\000w\000a\000n\000i\000e\000\040\000n\000a\000\040\000p\000o\000z\000i\000o\000m\000i\000e\000\040\000t\000a\000b\000e\000l}{subsubsection.2.3.1.12}% 55
\BOOKMARK [4][-]{paragraph*.35}{\376\377\0001\0002\000.\0005\000\040\000M\000o\000n\000i\000t\000o\000r\000o\000w\000a\000n\000i\000e\000\040\000s\000t\000a\000n\000u\000\040\000t\000a\000b\000e\000l}{subsubsection.2.3.1.12}% 56
\BOOKMARK [4][-]{paragraph*.36}{\376\377\0001\0002\000.\0006\000\040\000K\000o\000n\000s\000e\000r\000w\000a\000c\000j\000a\000\040\000i\000\040\000o\000p\000t\000y\000m\000a\000l\000i\000z\000a\000c\000j\000a\000\040\000t\000a\000b\000e\000l}{subsubsection.2.3.1.12}% 57
\BOOKMARK [3][-]{subsubsection.2.3.1.13}{\376\377\0001\0003\000.\000\040\000R\000o\000z\000m\000i\000a\000r\000\040\000p\000o\000j\000e\000d\000y\000n\000c\000z\000y\000c\000h\000\040\000t\000a\000b\000e\000l\000,\000\040\000r\000o\000z\000m\000i\000a\000r\000\040\000w\000s\000z\000y\000s\000t\000k\000i\000c\000h\000\040\000t\000a\000b\000e\000l\000,\000\040\000i\000n\000d\000e\000k\000s\000\363\000w\000\040\000t\000a\000b\000e\000l\000i}{subsection.2.3.1}% 58
\BOOKMARK [4][-]{paragraph*.37}{\376\377\0001\0003\000.\0001\000\040\000R\000o\000z\000m\000i\000a\000r\000\040\000p\000o\000j\000e\000d\000y\000n\000c\000z\000e\000j\000\040\000t\000a\000b\000e\000l\000i}{subsubsection.2.3.1.13}% 59
\BOOKMARK [4][-]{paragraph*.38}{\376\377\0001\0003\000.\0002\000\040\000R\000o\000z\000m\000i\000a\000r\000\040\000w\000s\000z\000y\000s\000t\000k\000i\000c\000h\000\040\000t\000a\000b\000e\000l\000\040\000w\000\040\000b\000a\000z\000i\000e}{subsubsection.2.3.1.13}% 60
\BOOKMARK [4][-]{paragraph*.39}{\376\377\0001\0003\000.\0003\000\040\000R\000o\000z\000m\000i\000a\000r\000\040\000i\000n\000d\000e\000k\000s\000\363\000w\000\040\000t\000a\000b\000e\000l\000i}{subsubsection.2.3.1.13}% 61
\BOOKMARK [4][-]{paragraph*.40}{\376\377\0001\0003\000.\0004\000\040\000Z\000n\000a\000c\000z\000e\000n\000i\000e\000\040\000r\000o\000z\000m\000i\000a\000r\000\363\000w}{subsubsection.2.3.1.13}% 62
\BOOKMARK [3][-]{subsubsection.2.3.1.14}{\376\377\0001\0004\000.\000\040\000R\000o\000z\000m\000i\000a\000r}{subsection.2.3.1}% 63
\BOOKMARK [4][-]{paragraph*.41}{\376\377\0001\0004\000.\0001\000\040\000R\000o\000d\000z\000a\000j\000e\000\040\000r\000o\000z\000m\000i\000a\000r\000\363\000w\000\040\000w\000\040\000P\000o\000s\000t\000g\000r\000e\000S\000Q\000L}{subsubsection.2.3.1.14}% 64
\BOOKMARK [4][-]{paragraph*.42}{\376\377\0001\0004\000.\0002\000\040\000M\000o\000n\000i\000t\000o\000r\000o\000w\000a\000n\000i\000e\000\040\000i\000\040\000k\000o\000n\000t\000r\000o\000l\000a\000\040\000r\000o\000z\000m\000i\000a\000r\000u}{subsubsection.2.3.1.14}% 65
\BOOKMARK [4][-]{paragraph*.43}{\376\377\0001\0004\000.\0003\000\040\000O\000p\000t\000y\000m\000a\000l\000i\000z\000a\000c\000j\000a\000\040\000r\000o\000z\000m\000i\000a\000r\000u}{subsubsection.2.3.1.14}% 66
\BOOKMARK [4][-]{paragraph*.44}{\376\377\0001\0004\000.\0004\000\040\000Z\000n\000a\000c\000z\000e\000n\000i\000e\000\040\000z\000a\000r\000z\001\005\000d\000z\000a\000n\000i\000a\000\040\000r\000o\000z\000m\000i\000a\000r\000e\000m}{subsubsection.2.3.1.14}% 67
\BOOKMARK [3][-]{subsubsection.2.3.1.15}{\376\377\000P\000o\000d\000s\000u\000m\000o\000w\000a\000n\000i\000e}{subsection.2.3.1}% 68
\BOOKMARK [1][-]{section.2.4}{\376\377\000K\000o\000n\000t\000r\000o\000l\000a\000\040\000i\000\040\000k\000o\000n\000s\000e\000r\000w\000a\000c\000j\000a\000\040\000b\000a\000z\000\040\000d\000a\000n\000y\000c\000h}{chapter.2}% 69
\BOOKMARK [2][-]{subsection.2.4.1}{\376\377\000W\000p\000r\000o\000w\000a\000d\000z\000e\000n\000i\000e}{section.2.4}% 70
\BOOKMARK [2][-]{subsection.2.4.2}{\376\377\000P\000o\000d\000z\000i\000a\001\102\000\040\000k\000o\000n\000s\000e\000r\000w\000a\000c\000j\000i\000\040\000b\000a\000z\000\040\000d\000a\000n\000y\000c\000h}{section.2.4}% 71
\BOOKMARK [3][-]{subsubsection.2.4.2.1}{\376\377\000K\000o\000n\000s\000e\000r\000w\000a\000c\000j\000a\000\040\000f\000i\000z\000y\000c\000z\000n\000a}{subsection.2.4.2}% 72
\BOOKMARK [3][-]{subsubsection.2.4.2.2}{\376\377\000K\000o\000n\000s\000e\000r\000w\000a\000c\000j\000a\000\040\000p\000r\000o\000g\000r\000a\000m\000o\000w\000a}{subsection.2.4.2}% 73
\BOOKMARK [2][-]{subsection.2.4.3}{\376\377\000R\000\363\001\174\000n\000i\000c\000e\000\040\000k\000o\000n\000s\000e\000r\000w\000a\000c\000y\000j\000n\000e\000\040\000w\000\040\000z\000a\000l\000e\001\174\000n\000o\001\133\000c\000i\000\040\000o\000d\000\040\000r\000o\000d\000z\000a\000j\000u\000\040\000b\000a\000z\000y\000\040\000d\000a\000n\000y\000c\000h}{section.2.4}% 74
\BOOKMARK [3][-]{subsubsection.2.4.3.1}{\376\377\000P\000o\000s\000t\000g\000r\000e\000S\000Q\000L}{subsection.2.4.3}% 75
\BOOKMARK [3][-]{subsubsection.2.4.3.2}{\376\377\000M\000y\000S\000Q\000L}{subsection.2.4.3}% 76
\BOOKMARK [3][-]{subsubsection.2.4.3.3}{\376\377\000S\000Q\000L\000i\000t\000e\000\040\000\050\000n\000p\000.\000\040\000L\000i\000g\000h\000t\000S\000Q\000L\000\051}{subsection.2.4.3}% 77
\BOOKMARK [3][-]{subsubsection.2.4.3.4}{\376\377\000M\000i\000c\000r\000o\000s\000o\000f\000t\000\040\000S\000Q\000L\000\040\000S\000e\000r\000v\000e\000r}{subsection.2.4.3}% 78
\BOOKMARK [2][-]{subsection.2.4.4}{\376\377\000P\000l\000a\000n\000o\000w\000a\000n\000i\000e\000\040\000k\000o\000n\000s\000e\000r\000w\000a\000c\000j\000i\000\040\000b\000a\000z\000y\000\040\000d\000a\000n\000y\000c\000h}{section.2.4}% 79
\BOOKMARK [2][-]{subsection.2.4.5}{\376\377\000U\000r\000u\000c\000h\000a\000m\000i\000a\000n\000i\000e\000,\000\040\000z\000a\000t\000r\000z\000y\000m\000y\000w\000a\000n\000i\000e\000\040\000i\000\040\000r\000e\000s\000t\000a\000r\000t\000o\000w\000a\000n\000i\000e\000\040\000s\000e\000r\000w\000e\000r\000a\000\040\000b\000a\000z\000y\000\040\000d\000a\000n\000y\000c\000h}{section.2.4}% 80
\BOOKMARK [3][-]{subsubsection.2.4.5.1}{\376\377\000U\000r\000u\000c\000h\000a\000m\000i\000a\000n\000i\000e}{subsection.2.4.5}% 81
\BOOKMARK [3][-]{subsubsection.2.4.5.2}{\376\377\000Z\000a\000t\000r\000z\000y\000m\000y\000w\000a\000n\000i\000e}{subsection.2.4.5}% 82
\BOOKMARK [3][-]{subsubsection.2.4.5.3}{\376\377\000R\000e\000s\000t\000a\000r\000t\000o\000w\000a\000n\000i\000e}{subsection.2.4.5}% 83
\BOOKMARK [2][-]{subsection.2.4.6}{\376\377\000Z\000a\000r\000z\001\005\000d\000z\000a\000n\000i\000e\000\040\000p\000o\001\102\001\005\000c\000z\000e\000n\000i\000a\000m\000i\000\040\000u\001\174\000y\000t\000k\000o\000w\000n\000i\000k\000\363\000w}{section.2.4}% 84
\BOOKMARK [3][-]{subsubsection.2.4.6.1}{\376\377\000O\000g\000r\000a\000n\000i\000c\000z\000a\000n\000i\000e\000\040\000u\001\174\000y\000t\000k\000o\000w\000n\000i\000k\000\363\000w}{subsection.2.4.6}% 85
\BOOKMARK [3][-]{subsubsection.2.4.6.2}{\376\377\000R\001\031\000c\000z\000n\000e\000\040\000r\000o\000z\001\102\001\005\000c\000z\000a\000n\000i\000e\000\040\000u\001\174\000y\000t\000k\000o\000w\000n\000i\000k\000\363\000w}{subsection.2.4.6}% 86
\BOOKMARK [3][-]{subsubsection.2.4.6.3}{\376\377\000A\000u\000t\000o\000m\000a\000t\000y\000c\000z\000n\000e\000\040\000r\000o\000z\001\102\001\005\000c\000z\000a\000n\000i\000e\000\040\000u\001\174\000y\000t\000k\000o\000w\000n\000i\000k\000\363\000w}{subsection.2.4.6}% 87
\BOOKMARK [3][-]{subsubsection.2.4.6.4}{\376\377\000Z\000a\000p\000o\000b\000i\000e\000g\000a\000n\000i\000e\000\040\000n\000o\000w\000y\000m\000\040\000p\000o\001\102\001\005\000c\000z\000e\000n\000i\000o\000m}{subsection.2.4.6}% 88
\BOOKMARK [2][-]{subsection.2.4.7}{\376\377\000P\000r\000o\000c\000e\000s\000\040\000V\000A\000C\000U\000U\000M}{section.2.4}% 89
\BOOKMARK [3][-]{subsubsection.2.4.7.1}{\376\377\000A\000u\000t\000o\000v\000a\000c\000u\000u\000m}{subsection.2.4.7}% 90
\BOOKMARK [2][-]{subsection.2.4.8}{\376\377\000S\000c\000h\000e\000m\000a\000t\000\040\000b\000a\000z\000y\000\040\000d\000a\000n\000y\000c\000h}{section.2.4}% 91
\BOOKMARK [3][-]{subsubsection.2.4.8.1}{\376\377\000C\000z\000y\000m\000\040\000j\000e\000s\000t\000\040\000s\000c\000h\000e\000m\000a\000t\000\040\000b\000a\000z\000y\000\040\000d\000a\000n\000y\000c\000h\000?}{subsection.2.4.8}% 92
\BOOKMARK [3][-]{subsubsection.2.4.8.2}{\376\377\000R\000o\000l\000a\000\040\000s\000c\000h\000e\000m\000a\000t\000u\000\040\000w\000\040\000k\000o\000n\000s\000e\000r\000w\000a\000c\000j\000i\000\040\000b\000a\000z\000y\000\040\000d\000a\000n\000y\000c\000h}{subsection.2.4.8}% 93
\BOOKMARK [3][-]{subsubsection.2.4.8.3}{\376\377\000R\000\363\001\174\000n\000i\000c\000e\000\040\000w\000\040\000i\000m\000p\000l\000e\000m\000e\000n\000t\000a\000c\000j\000i\000\040\000s\000c\000h\000e\000m\000a\000t\000u\000\040\000w\000\040\000r\000\363\001\174\000n\000y\000c\000h\000\040\000s\000y\000s\000t\000e\000m\000a\000c\000h}{subsection.2.4.8}% 94
\BOOKMARK [2][-]{subsection.2.4.9}{\376\377\000T\000r\000a\000n\000s\000a\000k\000c\000j\000e}{section.2.4}% 95
\BOOKMARK [3][-]{subsubsection.2.4.9.1}{\376\377\000C\000z\000y\000m\000\040\000j\000e\000s\000t\000\040\000t\000r\000a\000n\000s\000a\000k\000c\000j\000a\000?}{subsection.2.4.9}% 96
\BOOKMARK [3][-]{subsubsection.2.4.9.2}{\376\377\000Z\000a\000s\000a\000d\000y\000\040\000A\000C\000I\000D}{subsection.2.4.9}% 97
\BOOKMARK [3][-]{subsubsection.2.4.9.3}{\376\377\000R\000o\000l\000a\000\040\000t\000r\000a\000n\000s\000a\000k\000c\000j\000i\000\040\000w\000\040\000k\000o\000n\000t\000r\000o\000l\000i\000\040\000i\000\040\000k\000o\000n\000s\000e\000r\000w\000a\000c\000j\000i}{subsection.2.4.9}% 98
\BOOKMARK [3][-]{subsubsection.2.4.9.4}{\376\377\000R\000\363\001\174\000n\000i\000c\000e\000\040\000w\000\040\000i\000m\000p\000l\000e\000m\000e\000n\000t\000a\000c\000j\000i\000\040\000t\000r\000a\000n\000s\000a\000k\000c\000j\000i\000\040\000w\000\040\000r\000\363\001\174\000n\000y\000c\000h\000\040\000s\000y\000s\000t\000e\000m\000a\000c\000h}{subsection.2.4.9}% 99
\BOOKMARK [2][-]{subsection.2.4.10}{\376\377\000L\000i\000t\000e\000r\000a\000t\000u\000r\000a}{section.2.4}% 100
\BOOKMARK [1][-]{section.2.5}{\376\377\000M\000o\000n\000i\000t\000o\000r\000o\000w\000a\000n\000i\000e\000\040\000i\000\040\000d\000i\000a\000g\000n\000o\000s\000t\000y\000k\000a}{chapter.2}% 101
\BOOKMARK [2][-]{subsection.2.5.1}{\376\377\000W\000s\000t\001\031\000p}{section.2.5}% 102
\BOOKMARK [2][-]{subsection.2.5.2}{\376\377\000M\000o\000n\000i\000t\000o\000r\000o\000w\000a\000n\000i\000e\000\040\000S\000e\000s\000j\000i\000\040\000i\000\040\000U\001\174\000y\000t\000k\000o\000w\000n\000i\000k\000\363\000w}{section.2.5}% 103
\BOOKMARK [3][-]{subsubsection.2.5.2.1}{\376\377\000A\000n\000a\000l\000i\000z\000a\000\040\000A\000k\000t\000y\000w\000n\000o\001\133\000c\000i\000\040\000U\001\174\000y\000t\000k\000o\000w\000n\000i\000k\000\363\000w}{subsection.2.5.2}% 104
\BOOKMARK [3][-]{subsubsection.2.5.2.2}{\376\377\000Z\000a\000r\000z\001\005\000d\000z\000a\000n\000i\000e\000\040\000Z\000a\000s\000o\000b\000a\000m\000i\000\040\000i\000\040\000L\000i\000m\000i\000t\000y}{subsection.2.5.2}% 105
\BOOKMARK [3][-]{subsubsection.2.5.2.3}{\376\377\000W\000y\000k\000r\000y\000w\000a\000n\000i\000e\000\040\000P\000r\000o\000b\000l\000e\000m\000\363\000w\000\040\000z\000\040\000B\000l\000o\000k\000a\000d\000a\000m\000i}{subsection.2.5.2}% 106
\BOOKMARK [2][-]{subsection.2.5.3}{\376\377\000M\000o\000n\000i\000t\000o\000r\000o\000w\000a\000n\000i\000e\000\040\000D\000o\000s\000t\001\031\000p\000u\000\040\000d\000o\000\040\000T\000a\000b\000e\000l\000\040\000i\000\040\000O\000p\000e\000r\000a\000c\000j\000i\000\040\000n\000a\000\040\000D\000a\000n\000y\000c\000h}{section.2.5}% 107
\BOOKMARK [3][-]{subsubsection.2.5.3.1}{\376\377\000A\000n\000a\000l\000i\000z\000a\000\040\000U\001\174\000y\000c\000i\000a\000\040\000D\000a\000n\000y\000c\000h}{subsection.2.5.3}% 108
\BOOKMARK [3][-]{subsubsection.2.5.3.2}{\376\377\000W\000y\000k\000r\000y\000w\000a\000n\000i\000e\000\040\000N\000i\000e\000p\000r\000a\000w\000i\000d\001\102\000o\000w\000y\000c\000h\000\040\000Z\000a\000p\000y\000t\000a\001\104}{subsection.2.5.3}% 109
\BOOKMARK [3][-]{subsubsection.2.5.3.3}{\376\377\000B\000e\000z\000p\000i\000e\000c\000z\000e\001\104\000s\000t\000w\000o\000\040\000i\000\040\000Z\000g\000o\000d\000n\000o\001\133\001\007}{subsection.2.5.3}% 110
\BOOKMARK [2][-]{subsection.2.5.4}{\376\377\000M\000o\000n\000i\000t\000o\000r\000o\000w\000a\000n\000i\000e\000\040\000L\000o\000g\000\363\000w\000\040\000i\000\040\000R\000a\000p\000o\000r\000t\000o\000w\000a\000n\000i\000e\000\040\000B\001\102\001\031\000d\000\363\000w}{section.2.5}% 111
\BOOKMARK [3][-]{subsubsection.2.5.4.1}{\376\377\000A\000n\000a\000l\000i\000z\000a\000\040\000L\000o\000g\000\363\000w\000\040\000S\000y\000s\000t\000e\000m\000o\000w\000y\000c\000h}{subsection.2.5.4}% 112
\BOOKMARK [3][-]{subsubsection.2.5.4.2}{\376\377\000A\000u\000t\000o\000m\000a\000t\000y\000c\000z\000n\000e\000\040\000R\000a\000p\000o\000r\000t\000o\000w\000a\000n\000i\000e\000\040\000i\000\040\000A\000l\000e\000r\000t\000y}{subsection.2.5.4}% 113
\BOOKMARK [3][-]{subsubsection.2.5.4.3}{\376\377\000K\000o\000n\000f\000i\000g\000u\000r\000a\000c\000j\000a\000\040\000L\000o\000g\000o\000w\000a\000n\000i\000a\000\040\000d\000l\000a\000\040\000p\000g\000B\000a\000d\000g\000e\000r}{subsection.2.5.4}% 114
\BOOKMARK [2][-]{subsection.2.5.5}{\376\377\000M\000o\000n\000i\000t\000o\000r\000o\000w\000a\000n\000i\000e\000\040\000n\000a\000\040\000P\000o\000z\000i\000o\000m\000i\000e\000\040\000S\000y\000s\000t\000e\000m\000u\000\040\000O\000p\000e\000r\000a\000c\000y\000j\000n\000e\000g\000o}{section.2.5}% 115
\BOOKMARK [3][-]{subsubsection.2.5.5.1}{\376\377\000N\000a\000r\000z\001\031\000d\000z\000i\000a\000\040\000S\000y\000s\000t\000e\000m\000o\000w\000e}{subsection.2.5.5}% 116
\BOOKMARK [3][-]{subsubsection.2.5.5.2}{\376\377\000I\000n\000t\000e\000g\000r\000a\000c\000j\000a\000\040\000z\000\040\000N\000a\000r\000z\001\031\000d\000z\000i\000a\000m\000i\000\040\000Z\000e\000w\000n\001\031\000t\000r\000z\000n\000y\000m\000i}{subsection.2.5.5}% 117
\BOOKMARK [2][-]{subsection.2.5.6}{\376\377\000N\000a\000r\000z\001\031\000d\000z\000i\000a\000\040\000M\000o\000n\000i\000t\000o\000r\000o\000w\000a\000n\000i\000a\000\040\000P\000o\000s\000t\000g\000r\000e\000S\000Q\000L}{section.2.5}% 118
\BOOKMARK [3][-]{subsubsection.2.5.6.1}{\376\377\000N\000a\000r\000z\001\031\000d\000z\000i\000a\000\040\000O\000p\000e\000n\000\040\000S\000o\000u\000r\000c\000e}{subsection.2.5.6}% 119
\BOOKMARK [3][-]{subsubsection.2.5.6.2}{\376\377\000R\000o\000z\000w\000i\001\005\000z\000a\000n\000i\000a\000\040\000K\000o\000m\000e\000r\000c\000y\000j\000n\000e}{subsection.2.5.6}% 120
\BOOKMARK [3][-]{subsubsection.2.5.6.3}{\376\377\000Z\000a\000b\000b\000i\000x\000\040\000d\000l\000a\000\040\000P\000o\000s\000t\000g\000r\000e\000S\000Q\000L}{subsection.2.5.6}% 121
\BOOKMARK [2][-]{subsection.2.5.7}{\376\377\000N\000a\000j\000l\000e\000p\000s\000z\000e\000\040\000P\000r\000a\000k\000t\000y\000k\000i\000\040\000M\000o\000n\000i\000t\000o\000r\000o\000w\000a\000n\000i\000a}{section.2.5}% 122
\BOOKMARK [3][-]{subsubsection.2.5.7.1}{\376\377\000U\000s\000t\000a\000n\000a\000w\000i\000a\000n\000i\000e\000\040\000B\000a\000s\000e\000l\000i\000n\000e\000s\000\040\000W\000y\000d\000a\000j\000n\000o\001\133\000c\000i}{subsection.2.5.7}% 123
\BOOKMARK [3][-]{subsubsection.2.5.7.2}{\376\377\000K\000o\000r\000e\000l\000a\000c\000j\000a\000\040\000M\000e\000t\000r\000y\000k\000\040\000M\000i\001\031\000d\000z\000y\000s\000y\000s\000t\000e\000m\000o\000w\000y\000c\000h}{subsection.2.5.7}% 124
\BOOKMARK [3][-]{subsubsection.2.5.7.3}{\376\377\000K\000o\000n\000f\000i\000g\000u\000r\000a\000c\000j\000a\000\040\000E\000f\000e\000k\000t\000y\000w\000n\000y\000c\000h\000\040\000A\000l\000e\000r\000t\000\363\000w}{subsection.2.5.7}% 125
\BOOKMARK [2][-]{subsection.2.5.8}{\376\377\000M\000o\000n\000i\000t\000o\000r\000o\000w\000a\000n\000i\000e\000\040\000W\000y\000s\000o\000k\000i\000e\000j\000\040\000D\000o\000s\000t\001\031\000p\000n\000o\001\133\000c\000i}{section.2.5}% 126
\BOOKMARK [3][-]{subsubsection.2.5.8.1}{\376\377\000M\000o\000n\000i\000t\000o\000r\000o\000w\000a\000n\000i\000e\000\040\000S\000t\000a\000t\000u\000s\000u\000\040\000R\000e\000p\000l\000i\000k\000a\000c\000j\000i}{subsection.2.5.8}% 127
\BOOKMARK [3][-]{subsubsection.2.5.8.2}{\376\377\000W\000e\000r\000y\000f\000i\000k\000a\000c\000j\000a\000\040\000S\000p\000\363\000j\000n\000o\001\133\000c\000i}{subsection.2.5.8}% 128
\BOOKMARK [2][-]{subsection.2.5.9}{\376\377\000W\000n\000i\000o\000s\000e\000k}{section.2.5}% 129
\BOOKMARK [2][-]{subsection.2.5.10}{\376\377\000B\000i\000b\000l\000i\000o\000g\000r\000a\000f\000i\000a\000:}{section.2.5}% 130
\BOOKMARK [1][-]{section.2.6}{\376\377\000W\000y\000d\000a\000j\000n\000o\001\133\001\007\000,\000\040\000s\000k\000a\000l\000o\000w\000a\000n\000i\000e\000\040\000i\000\040\000r\000e\000p\000l\000i\000k\000a\000c\000j\000a}{chapter.2}% 131
\BOOKMARK [2][-]{subsection.2.6.1}{\376\377\000W\000s\000t\001\031\000p}{section.2.6}% 132
\BOOKMARK [2][-]{subsection.2.6.2}{\376\377\000B\000u\000f\000o\000r\000o\000w\000a\000n\000i\000e\000\040\000o\000r\000a\000z\000\040\000z\000a\000r\000z\001\005\000d\000z\000a\000n\000i\000e\000\040\000p\000o\001\102\001\005\000c\000z\000e\000n\000i\000a\000m\000i}{section.2.6}% 133
\BOOKMARK [3][-]{subsubsection.2.6.2.1}{\376\377\000B\000u\000f\000o\000r\000o\000w\000a\000n\000i\000e\000\040\000p\000o\001\102\001\005\000c\000z\000e\001\104\000:}{subsection.2.6.2}% 134
\BOOKMARK [3][-]{subsubsection.2.6.2.2}{\376\377\000Z\000a\000r\000z\001\005\000d\000z\000a\000n\000i\000e\000\040\000p\000o\001\102\001\005\000c\000z\000e\000n\000i\000a\000m\000i\000:}{subsection.2.6.2}% 135
\BOOKMARK [2][-]{subsection.2.6.3}{\376\377\000W\000y\000d\000a\000j\000n\000o\001\133\001\007}{section.2.6}% 136
\BOOKMARK [3][-]{subsubsection.2.6.3.1}{\376\377\000K\000l\000a\000s\000t\000r\000y\000\040\000o\000r\000a\000z\000\040\000i\000n\000d\000e\000k\000s\000y}{subsection.2.6.3}% 137
\BOOKMARK [3][-]{subsubsection.2.6.3.2}{\376\377\0001\000.\000\040\000W\000s\000p\000\363\001\102\000b\000i\000e\001\174\000n\000o\001\133\001\007\000\040\000w\000\040\000b\000a\000z\000a\000c\000h\000\040\000d\000a\000n\000y\000c\000h}{subsection.2.6.3}% 138
\BOOKMARK [3][-]{subsubsection.2.6.3.3}{\376\377\0002\000.\000\040\000P\000r\000z\000e\000p\000u\000s\000t\000o\000w\000o\001\133\001\007\000\040\000b\000a\000z\000y\000\040\000d\000a\000n\000y\000c\000h}{subsection.2.6.3}% 139
\BOOKMARK [3][-]{subsubsection.2.6.3.4}{\376\377\0003\000.\000\040\000R\000e\000s\000p\000o\000n\000s\000y\000w\000n\000o\001\133\001\007\000\040\000b\000a\000z\000y\000\040\000d\000a\000n\000y\000c\000h}{subsection.2.6.3}% 140
\BOOKMARK [3][-]{subsubsection.2.6.3.5}{\376\377\0004\000.\000\040\000Z\000a\000p\000y\000t\000a\000n\000i\000a\000\040\000N\000+\0001}{subsection.2.6.3}% 141
\BOOKMARK [3][-]{subsubsection.2.6.3.6}{\376\377\0005\000.\000\040\000B\001\102\001\031\000d\000y\000\040\000w\000\040\000b\000a\000z\000a\000c\000h\000\040\000d\000a\000n\000y\000c\000h}{subsection.2.6.3}% 142
\BOOKMARK [3][-]{subsubsection.2.6.3.7}{\376\377\0006\000.\000\040\000Z\000u\001\174\000y\000c\000i\000e\000\040\000d\000o\000s\000t\001\031\000p\000n\000y\000c\000h\000\040\000z\000a\000s\000o\000b\000\363\000w}{subsection.2.6.3}% 143
\BOOKMARK [3][-]{subsubsection.2.6.3.8}{\376\377\000P\000r\000o\000s\000t\000o\000t\000a\000\040\000r\000o\000z\000b\000u\000d\000o\000w\000y\000:}{subsection.2.6.3}% 144
\BOOKMARK [3][-]{subsubsection.2.6.3.9}{\376\377\000A\000n\000a\000l\000i\000t\000y\000k\000a\000\040\000c\000z\000a\000s\000u\000\040\000r\000z\000e\000c\000z\000y\000w\000i\000s\000t\000e\000g\000o\000:}{subsection.2.6.3}% 145
\BOOKMARK [3][-]{subsubsection.2.6.3.10}{\376\377\000D\000o\000s\000t\001\031\000p\000n\000o\001\133\001\007\000\040\000w\000\040\000c\000h\000m\000u\000r\000z\000e\000:}{subsection.2.6.3}% 146
\BOOKMARK [3][-]{subsubsection.2.6.3.11}{\376\377\000U\000n\000i\000k\000a\000n\000i\000e\000\040\000w\001\005\000s\000k\000i\000c\000h\000\040\000g\000a\000r\000d\000e\001\102\000:}{subsection.2.6.3}% 147
\BOOKMARK [2][-]{subsection.2.6.4}{\376\377\000S\000k\000a\000l\000o\000w\000a\000n\000i\000e}{section.2.6}% 148
\BOOKMARK [2][-]{subsection.2.6.5}{\376\377\000R\000e\000p\000l\000i\000k\000a\000c\000j\000a}{section.2.6}% 149
\BOOKMARK [3][-]{subsubsection.2.6.5.1}{\376\377\000M\000e\000c\000h\000a\000n\000i\000z\000m\000y\000\040\000r\000e\000p\000l\000i\000k\000a\000c\000j\000i}{subsection.2.6.5}% 150
\BOOKMARK [3][-]{subsubsection.2.6.5.2}{\376\377\000R\000o\000d\000z\000a\000j\000e\000\040\000m\000e\000c\000h\000a\000n\000i\000z\000m\000\363\000w\000\040\000r\000e\000p\000l\000i\000k\000a\000c\000j\000i}{subsection.2.6.5}% 151
\BOOKMARK [3][-]{subsubsection.2.6.5.3}{\376\377\000Z\000a\000l\000e\000t\000y\000\040\000i\000\040\000W\000a\000d\000y\000\040\000r\000e\000p\000l\000i\000k\000a\000c\000j\000i}{subsection.2.6.5}% 152
\BOOKMARK [2][-]{subsection.2.6.6}{\376\377\000K\000o\000n\000t\000r\000o\000l\000a\000\040\000d\000o\000s\000t\001\031\000p\000u\000\040\000i\000\040\000l\000i\000m\000i\000t\000y\000\040\000s\000y\000s\000t\000e\000m\000o\000w\000e}{section.2.6}% 153
\BOOKMARK [2][-]{subsection.2.6.7}{\376\377\000T\000e\000s\000t\000o\000w\000a\000n\000i\000e\000\040\000w\000y\000d\000a\000j\000n\000o\001\133\000c\000i\000\040\000s\000p\000r\000z\001\031\000t\000u\000\040\000n\000a\000\040\000p\000o\000z\000i\000o\000m\000i\000e\000\040\000O\000S}{section.2.6}% 154
\BOOKMARK [2][-]{subsection.2.6.8}{\376\377\000P\000o\000d\000s\000u\000m\000o\000w\000a\000n\000i\000e}{section.2.6}% 155
\BOOKMARK [2][-]{subsection.2.6.9}{\376\377\000B\000i\000b\000l\000i\000o\000g\000r\000a\000f\000i\000a}{section.2.6}% 156
\BOOKMARK [1][-]{section.2.7}{\376\377\000P\000a\000r\000t\000y\000c\000j\000o\000n\000o\000w\000a\000n\000i\000e\000\040\000d\000a\000n\000y\000c\000h\000\040\000w\000\040\000P\000o\000s\000t\000g\000r\000e\000S\000Q\000L\000\040\040\023\000\040\000a\000n\000a\000l\000i\000z\000a\000,\000\040\000t\000y\000p\000y\000,\000\040\000z\000a\000s\000t\000o\000s\000o\000w\000a\000n\000i\000a\000\040\000i\000\040\000d\000o\000b\000r\000e\000\040\000p\000r\000a\000k\000t\000y\000k\000i}{chapter.2}% 157
\BOOKMARK [2][-]{subsection.2.7.1}{\376\377\000S\000t\000r\000e\000s\000z\000c\000z\000e\000n\000i\000e}{section.2.7}% 158
\BOOKMARK [2][-]{subsection.2.7.2}{\376\377\0001\000.\000\040\000W\000p\000r\000o\000w\000a\000d\000z\000e\000n\000i\000e}{section.2.7}% 159
\BOOKMARK [2][-]{subsection.2.7.3}{\376\377\0002\000.\000\040\000D\000e\000f\000i\000n\000i\000c\000j\000a\000\040\000i\000\040\000c\000e\000l\000\040\000p\000a\000r\000t\000y\000c\000j\000o\000n\000o\000w\000a\000n\000i\000a}{section.2.7}% 160
\BOOKMARK [2][-]{subsection.2.7.4}{\376\377\0003\000.\000\040\000M\000o\000d\000e\000l\000e\000\040\000i\000\040\000t\000y\000p\000y\000\040\000p\000a\000r\000t\000y\000c\000j\000o\000n\000o\000w\000a\000n\000i\000a\000\040\000w\000\040\000P\000o\000s\000t\000g\000r\000e\000S\000Q\000L}{section.2.7}% 161
\BOOKMARK [2][-]{subsection.2.7.5}{\376\377\0004\000.\000\040\000I\000m\000p\000l\000e\000m\000e\000n\000t\000a\000c\000j\000a\000\040\000p\000a\000r\000t\000y\000c\000j\000o\000n\000o\000w\000a\000n\000i\000a\000\040\000w\000\040\000p\000r\000a\000k\000t\000y\000c\000e}{section.2.7}% 162
\BOOKMARK [2][-]{subsection.2.7.6}{\376\377\0005\000.\000\040\000M\000o\000n\000i\000t\000o\000r\000o\000w\000a\000n\000i\000e\000\040\000i\000\040\000a\000d\000m\000i\000n\000i\000s\000t\000r\000a\000c\000j\000a}{section.2.7}% 163
\BOOKMARK [2][-]{subsection.2.7.7}{\376\377\0006\000.\000\040\000T\000y\000p\000o\000w\000e\000\040\000s\000c\000e\000n\000a\000r\000i\000u\000s\000z\000e\000\040\000z\000a\000s\000t\000o\000s\000o\000w\000a\001\104}{section.2.7}% 164
\BOOKMARK [2][-]{subsection.2.7.8}{\376\377\0007\000.\000\040\000D\000o\000b\000r\000e\000\040\000p\000r\000a\000k\000t\000y\000k\000i\000\040\000p\000r\000o\000j\000e\000k\000t\000o\000w\000a\000n\000i\000a\000\040\000p\000a\000r\000t\000y\000c\000j\000i}{section.2.7}% 165
\BOOKMARK [2][-]{subsection.2.7.9}{\376\377\0008\000.\000\040\000O\000g\000r\000a\000n\000i\000c\000z\000e\000n\000i\000a\000\040\000i\000\040\000p\000o\000t\000e\000n\000c\000j\000a\000l\000n\000e\000\040\000p\000r\000o\000b\000l\000e\000m\000y}{section.2.7}% 166
\BOOKMARK [2][-]{subsection.2.7.10}{\376\377\0009\000.\000\040\000P\000o\000d\000s\000u\000m\000o\000w\000a\000n\000i\000e\000\040\000i\000\040\000w\000n\000i\000o\000s\000k\000i}{section.2.7}% 167
\BOOKMARK [2][-]{subsection.2.7.11}{\376\377\0001\0000\000.\000\040\000K\000r\000\363\000t\000k\000i\000e\000\040\000p\000o\000r\000\363\000w\000n\000a\000n\000i\000e\000\040\000p\000a\000r\000t\000y\000c\000j\000o\000n\000o\000w\000a\000n\000i\000a\000\040\000w\000\040\000P\000o\000s\000t\000g\000r\000e\000S\000Q\000L\000\040\000i\000\040\000i\000n\000n\000y\000c\000h\000\040\000s\000y\000s\000t\000e\000m\000a\000c\000h\000\040\000b\000a\000z\000o\000d\000a\000n\000o\000w\000y\000c\000h}{section.2.7}% 168
\BOOKMARK [2][-]{subsection.2.7.12}{\376\377\0001\0001\000.\000\040\000P\000r\000z\000y\000k\001\102\000a\000d\000\040\000m\000i\000g\000r\000a\000c\000j\000i\000\040\000n\000i\000e\000p\000a\000r\000t\000y\000c\000o\000n\000o\000w\000a\000n\000e\000j\000\040\000t\000a\000b\000e\000l\000i\000\040\000n\000a\000\040\000p\000a\000r\000t\000y\000c\000j\000o\000n\000o\000w\000a\000n\001\005}{section.2.7}% 169
\BOOKMARK [2][-]{subsection.2.7.13}{\376\377\0001\0002\000.\000\040\000B\000i\000b\000l\000i\000o\000g\000r\000a\000f\000i\000a}{section.2.7}% 170
\BOOKMARK [1][-]{section.2.8}{\376\377\000B\000e\000z\000p\000i\000e\000c\000z\000e\001\104\000s\000t\000w\000o}{chapter.2}% 171
\BOOKMARK [2][-]{subsection.2.8.1}{\376\377\0001\000.\000\040\000p\000g\000\137\000h\000b\000a\000.\000c\000o\000n\000f\000\040\040\024\000\040\000o\000p\000i\000s\000\040\000p\000l\000i\000k\000u\000\040\000k\000o\000n\000f\000i\000g\000u\000r\000a\000c\000y\000j\000n\000e\000g\000o\000\040\000P\000o\000s\000t\000g\000r\000e\000S\000Q\000L}{section.2.8}% 172
\BOOKMARK [3][-]{subsubsection.2.8.1.1}{\376\377\000F\000o\000r\000m\000a\000t\000\040\000p\000l\000i\000k\000u}{subsection.2.8.1}% 173
\BOOKMARK [3][-]{subsubsection.2.8.1.2}{\376\377\000Z\000n\000a\000c\000z\000e\000n\000i\000e\000\040\000E\000l\000e\000m\000e\000n\000t\000\363\000w}{subsection.2.8.1}% 174
\BOOKMARK [3][-]{subsubsection.2.8.1.3}{\376\377\000T\000y\000p\000y\000\040\000p\000o\001\102\001\005\000c\000z\000e\001\104}{subsection.2.8.1}% 175
\BOOKMARK [3][-]{subsubsection.2.8.1.4}{\376\377\000M\000e\000t\000o\000d\000y\000\040\000u\000w\000i\000e\000r\000z\000y\000t\000e\000l\000n\000i\000a\000n\000i\000a}{subsection.2.8.1}% 176
\BOOKMARK [3][-]{subsubsection.2.8.1.5}{\376\377\000P\000r\000z\000y\000k\001\102\000a\000d\000o\000w\000y\000\040\000w\000p\000i\000s}{subsection.2.8.1}% 177
\BOOKMARK [3][-]{subsubsection.2.8.1.6}{\376\377\000Z\000m\000i\000a\000n\000y\000\040\000i\000\040\000p\000r\000z\000e\001\102\000a\000d\000o\000w\000a\000n\000i\000e}{subsection.2.8.1}% 178
\BOOKMARK [2][-]{subsection.2.8.2}{\376\377\0002\000.\000\040\000U\000p\000r\000a\000w\000n\000i\000e\000n\000i\000a\000\040\000u\001\174\000y\000t\000k\000o\000w\000n\000i\000k\000a}{section.2.8}% 179
\BOOKMARK [3][-]{subsubsection.2.8.2.1}{\376\377\000P\000o\000z\000i\000o\000m\000\040\000s\000y\000s\000t\000e\000m\000o\000w\000y}{subsection.2.8.2}% 180
\BOOKMARK [3][-]{subsubsection.2.8.2.2}{\376\377\000P\000o\000z\000i\000o\000m\000\040\000b\000a\000z\000y\000\040\000d\000a\000n\000y\000c\000h}{subsection.2.8.2}% 181
\BOOKMARK [3][-]{subsubsection.2.8.2.3}{\376\377\000P\000o\000z\000i\000o\000m\000\040\000s\000c\000h\000e\000m\000a\000t\000u}{subsection.2.8.2}% 182
\BOOKMARK [3][-]{subsubsection.2.8.2.4}{\376\377\000P\000o\000z\000i\000o\000m\000\040\000t\000a\000b\000e\000l\000i}{subsection.2.8.2}% 183
\BOOKMARK [3][-]{subsubsection.2.8.2.5}{\376\377\000P\000r\000z\000y\000k\001\102\000a\000d}{subsection.2.8.2}% 184
\BOOKMARK [2][-]{subsection.2.8.3}{\376\377\0003\000.\000\040\000Z\000a\000r\000z\001\005\000d\000z\000a\000n\000i\000e\000\040\000u\001\174\000y\000t\000k\000o\000w\000n\000i\000k\000a\000m\000i\000\040\000a\000\040\000d\000a\000n\000e\000\040\000w\000p\000r\000o\000w\000a\000d\000z\000o\000n\000e}{section.2.8}% 185
\BOOKMARK [3][-]{subsubsection.2.8.3.1}{\376\377\000T\000w\000o\000r\000z\000e\000n\000i\000e\000\040\000i\000\040\000m\000o\000d\000y\000f\000i\000k\000a\000c\000j\000a\000\040\000u\001\174\000y\000t\000k\000o\000w\000n\000i\000k\000\363\000w}{subsection.2.8.3}% 186
\BOOKMARK [3][-]{subsubsection.2.8.3.2}{\376\377\000U\000s\000u\000w\000a\000n\000i\000e\000\040\000u\001\174\000y\000t\000k\000o\000w\000n\000i\000k\000\363\000w}{subsection.2.8.3}% 187
\BOOKMARK [3][-]{subsubsection.2.8.3.3}{\376\377\000U\000s\000u\000n\000i\001\031\000c\000i\000e\000\040\000u\001\174\000y\000t\000k\000o\000w\000n\000i\000k\000a\000,\000\040\000a\000\040\000d\000a\000n\000e\000\040\000k\000t\000\363\000r\000e\000\040\000p\000o\000s\000i\000a\000d\000a\001\102}{subsection.2.8.3}% 188
\BOOKMARK [3][-]{subsubsection.2.8.3.4}{\376\377\000U\000s\000u\000n\000i\001\031\000c\000i\000e\000\040\000u\001\174\000y\000t\000k\000o\000w\000n\000i\000k\000\363\000w\000,\000\040\000a\000\040\000o\000b\000i\000e\000t\000k\000y}{subsection.2.8.3}% 189
\BOOKMARK [2][-]{subsection.2.8.4}{\376\377\0004\000.\000\040\000Z\000a\000b\000e\000z\000p\000i\000e\000c\000z\000e\000n\000i\000e\000\040\000p\000o\001\102\001\005\000c\000z\000e\000n\000i\000a\000\040\000p\000r\000z\000e\000z\000\040\000S\000S\000L\000/\000T\000L\000S}{section.2.8}% 190
\BOOKMARK [3][-]{subsubsection.2.8.4.1}{\376\377\000K\000o\000n\000f\000i\000g\000u\000r\000a\000c\000j\000a\000\040\000S\000S\000L\000/\000T\000L\000S\000\040\000w\000\040\000P\000o\000s\000t\000g\000r\000e\000S\000Q\000L}{subsection.2.8.4}% 191
\BOOKMARK [3][-]{subsubsection.2.8.4.2}{\376\377\000M\000o\000n\000i\000t\000o\000r\000o\000w\000a\000n\000i\000e\000\040\000i\000\040\000t\000e\000s\000t\000o\000w\000a\000n\000i\000e\000\040\000S\000S\000L\000/\000T\000L\000S}{subsection.2.8.4}% 192
\BOOKMARK [2][-]{subsection.2.8.5}{\376\377\0005\000.\000\040\000S\000z\000y\000f\000r\000o\000w\000a\000n\000i\000e\000\040\000d\000a\000n\000y\000c\000h}{section.2.8}% 193
\BOOKMARK [3][-]{subsubsection.2.8.5.1}{\376\377\000S\000z\000y\000f\000r\000o\000w\000a\000n\000i\000e\000\040\000t\000r\000a\000n\000s\000m\000i\000s\000j\000i}{subsection.2.8.5}% 194
\BOOKMARK [3][-]{subsubsection.2.8.5.2}{\376\377\000S\000z\000y\000f\000r\000o\000w\000a\000n\000i\000e\000\040\000c\000a\001\102\000e\000g\000o\000\040\000d\000y\000s\000k\000u}{subsection.2.8.5}% 195
\BOOKMARK [3][-]{subsubsection.2.8.5.3}{\376\377\000S\000z\000y\000f\000r\000o\000w\000a\000n\000i\000e\000\040\000n\000a\000\040\000p\000o\000z\000i\000o\000m\000i\000e\000\040\000k\000o\000l\000u\000m\000n\000\040\000z\000\040\000u\001\174\000y\000c\000i\000e\000m\000\040\000p\000g\000c\000r\000y\000p\000t\000o}{subsection.2.8.5}% 196
\BOOKMARK [3][-]{subsubsection.2.8.5.4}{\376\377\000S\000z\000y\000f\000r\000o\000w\000a\000n\000i\000e\000\040\000n\000a\000\040\000p\000o\000z\000i\000o\000m\000i\000e\000\040\000a\000p\000l\000i\000k\000a\000c\000j\000i}{subsection.2.8.5}% 197
\BOOKMARK [3][-]{subsubsection.2.8.5.5}{\376\377\000Z\000a\000r\000z\001\005\000d\000z\000a\000n\000i\000e\000\040\000k\000l\000u\000c\000z\000a\000m\000i\000\040\000s\000z\000y\000f\000r\000u\000j\001\005\000c\000y\000m\000i}{subsection.2.8.5}% 198
\BOOKMARK [1][-]{section.2.9}{\376\377\000K\000o\000p\000i\000e\000\040\000z\000a\000p\000a\000s\000o\000w\000e\000\040\000i\000\040\000o\000d\000z\000y\000s\000k\000i\000w\000a\000n\000i\000e\000\040\000d\000a\000n\000y\000c\000h\000\040\000-\000\040\000D\000o\000k\000u\000m\000e\000n\000t\000a\000c\000j\000a}{chapter.2}% 199
\BOOKMARK [2][-]{subsection.2.9.1}{\376\377\000K\000o\000p\000i\000e\000\040\000z\000a\000p\000a\000s\000o\000w\000e\000\040\000i\000\040\000o\000d\000z\000y\000s\000k\000i\000w\000a\000n\000i\000e\000\040\000d\000a\000n\000y\000c\000h\000\040\000w\000\040\000P\000o\000s\000t\000g\000r\000e\000S\000Q\000L}{section.2.9}% 200
\BOOKMARK [3][-]{subsubsection.2.9.1.1}{\376\377\000W\000p\000r\000o\000w\000a\000d\000z\000e\000n\000i\000e}{subsection.2.9.1}% 201
\BOOKMARK [3][-]{subsubsection.2.9.1.2}{\376\377\000M\000e\000c\000h\000a\000n\000i\000z\000m\000y\000\040\000w\000b\000u\000d\000o\000w\000a\000n\000e\000\040\000d\000o\000\040\000t\000w\000o\000r\000z\000e\000n\000i\000a\000\040\000k\000o\000p\000i\000i\000\040\000z\000a\000p\000a\000s\000o\000w\000y\000c\000h\000\040\000c\000a\001\102\000e\000g\000o\000\040\000s\000y\000s\000t\000e\000m\000u\000\040\000P\000o\000s\000t\000g\000r\000e\000S\000Q\000L}{subsection.2.9.1}% 202
\BOOKMARK [4][-]{paragraph*.45}{\376\377\000p\000g\000\137\000b\000a\000s\000e\000b\000a\000c\000k\000u\000p}{subsubsection.2.9.1.2}% 203
\BOOKMARK [4][-]{paragraph*.46}{\376\377\000C\000o\000n\000t\000i\000n\000u\000o\000u\000s\000\040\000A\000r\000c\000h\000i\000v\000i\000n\000g\000\040\000\050\000P\000o\000i\000n\000t\000-\000i\000n\000-\000T\000i\000m\000e\000\040\000R\000e\000c\000o\000v\000e\000r\000y\000\051}{subsubsection.2.9.1.2}% 204
\BOOKMARK [4][-]{paragraph*.47}{\376\377\000S\000t\000r\000e\000a\000m\000i\000n\000g\000\040\000R\000e\000p\000l\000i\000c\000a\000t\000i\000o\000n}{subsubsection.2.9.1.2}% 205
\BOOKMARK [4][-]{paragraph*.48}{\376\377\000F\000i\000l\000e\000\040\000S\000y\000s\000t\000e\000m\000\040\000L\000e\000v\000e\000l\000\040\000B\000a\000c\000k\000u\000p}{subsubsection.2.9.1.2}% 206
\BOOKMARK [3][-]{subsubsection.2.9.1.3}{\376\377\000M\000e\000c\000h\000a\000n\000i\000z\000m\000y\000\040\000w\000b\000u\000d\000o\000w\000a\000n\000e\000\040\000d\000o\000\040\000t\000w\000o\000r\000z\000e\000n\000i\000a\000\040\000k\000o\000p\000i\000i\000\040\000z\000a\000p\000a\000s\000o\000w\000y\000c\000h\000\040\000p\000o\000s\000z\000c\000z\000e\000g\000\363\000l\000n\000y\000c\000h\000\040\000b\000a\000z\000\040\000d\000a\000n\000y\000c\000h}{subsection.2.9.1}% 207
\BOOKMARK [4][-]{paragraph*.49}{\376\377\000p\000g\000\137\000d\000u\000m\000p}{subsubsection.2.9.1.3}% 208
\BOOKMARK [4][-]{paragraph*.50}{\376\377\000p\000g\000\137\000d\000u\000m\000p\000a\000l\000l}{subsubsection.2.9.1.3}% 209
\BOOKMARK [4][-]{paragraph*.51}{\376\377\000C\000O\000P\000Y\000\040\000c\000o\000m\000m\000a\000n\000d}{subsubsection.2.9.1.3}% 210
\BOOKMARK [4][-]{paragraph*.52}{\376\377\000p\000g\000\137\000d\000u\000m\000p\000\040\000z\000\040\000o\000p\000c\000j\000a\000m\000i\000\040\000s\000e\000l\000e\000k\000t\000y\000w\000n\000y\000m\000i}{subsubsection.2.9.1.3}% 211
\BOOKMARK [3][-]{subsubsection.2.9.1.4}{\376\377\000O\000d\000z\000y\000s\000k\000i\000w\000a\000n\000i\000e\000\040\000u\000s\000u\000n\000i\001\031\000t\000y\000c\000h\000\040\000l\000u\000b\000\040\000u\000s\000z\000k\000o\000d\000z\000o\000n\000y\000c\000h\000\040\000d\000a\000n\000y\000c\000h}{subsection.2.9.1}% 212
\BOOKMARK [4][-]{paragraph*.53}{\376\377\000O\000d\000z\000y\000s\000k\000i\000w\000a\000n\000i\000e\000\040\000z\000\040\000k\000o\000p\000i\000i\000\040\000l\000o\000g\000i\000c\000z\000n\000y\000c\000h}{subsubsection.2.9.1.4}% 213
\BOOKMARK [4][-]{paragraph*.54}{\376\377\000P\000o\000i\000n\000t\000-\000i\000n\000-\000T\000i\000m\000e\000\040\000R\000e\000c\000o\000v\000e\000r\000y\000\040\000\050\000P\000I\000T\000R\000\051}{subsubsection.2.9.1.4}% 214
\BOOKMARK [4][-]{paragraph*.55}{\376\377\000O\000d\000z\000y\000s\000k\000i\000w\000a\000n\000i\000e\000\040\000t\000a\000b\000e\000l\000\040\000z\000\040\000t\000a\000b\000l\000e\000s\000p\000a\000c\000e\000s}{subsubsection.2.9.1.4}% 215
\BOOKMARK [4][-]{paragraph*.56}{\376\377\000T\000r\000a\000n\000s\000a\000c\000t\000i\000o\000n\000\040\000l\000o\000g\000\040\000r\000e\000p\000l\000a\000y}{subsubsection.2.9.1.4}% 216
\BOOKMARK [4][-]{paragraph*.57}{\376\377\000O\000d\000z\000y\000s\000k\000i\000w\000a\000n\000i\000e\000\040\000n\000a\000\040\000p\000o\000z\000i\000o\000m\000i\000e\000\040\000k\000l\000a\000s\000t\000r\000a}{subsubsection.2.9.1.4}% 217
\BOOKMARK [3][-]{subsubsection.2.9.1.5}{\376\377\000D\000e\000d\000y\000k\000o\000w\000a\000n\000e\000\040\000o\000p\000r\000o\000g\000r\000a\000m\000o\000w\000a\000n\000i\000e\000\040\000i\000\040\000s\000k\000r\000y\000p\000t\000y\000\040\000z\000e\000w\000n\001\031\000t\000r\000z\000n\000e\000\040\000d\000o\000\040\000a\000u\000t\000o\000m\000a\000t\000y\000z\000a\000c\000j\000i}{subsection.2.9.1}% 218
\BOOKMARK [4][-]{paragraph*.58}{\376\377\000p\000g\000B\000a\000c\000k\000R\000e\000s\000t}{subsubsection.2.9.1.5}% 219
\BOOKMARK [4][-]{paragraph*.59}{\376\377\000B\000a\000r\000m\000a\000n\000\040\000\050\000B\000a\000c\000k\000u\000p\000\040\000a\000n\000d\000\040\000R\000e\000c\000o\000v\000e\000r\000y\000\040\000M\000a\000n\000a\000g\000e\000r\000\051}{subsubsection.2.9.1.5}% 220
\BOOKMARK [4][-]{paragraph*.60}{\376\377\000W\000A\000L\000-\000E\000\040\000i\000\040\000W\000A\000L\000-\000G}{subsubsection.2.9.1.5}% 221
\BOOKMARK [4][-]{paragraph*.61}{\376\377\000S\000k\000r\000y\000p\000t\000y\000\040\000s\000h\000e\000l\000l\000\040\000i\000\040\000c\000r\000o\000n\000\040\000j\000o\000b\000s}{subsubsection.2.9.1.5}% 222
\BOOKMARK [4][-]{paragraph*.62}{\376\377\000N\000a\000r\000z\001\031\000d\000z\000i\000a\000\040\000a\000u\000t\000o\000m\000a\000t\000y\000z\000a\000c\000j\000i\000\040\000i\000n\000f\000r\000a\000s\000t\000r\000u\000k\000t\000u\000r\000y}{subsubsection.2.9.1.5}% 223
\BOOKMARK [4][-]{paragraph*.63}{\376\377\000M\000o\000n\000i\000t\000o\000r\000i\000n\000g\000\040\000i\000\040\000a\000l\000e\000r\000t\000o\000w\000a\000n\000i\000e}{subsubsection.2.9.1.5}% 224
\BOOKMARK [3][-]{subsubsection.2.9.1.6}{\376\377\000P\000o\000d\000s\000u\000m\000o\000w\000a\000n\000i\000e}{subsection.2.9.1}% 225
\BOOKMARK [4][-]{paragraph*.64}{\376\377\000K\000l\000u\000c\000z\000o\000w\000e\000\040\000w\000n\000i\000o\000s\000k\000i}{subsubsection.2.9.1.6}% 226
\BOOKMARK [4][-]{paragraph*.65}{\376\377\000N\000a\000j\000w\000a\001\174\000n\000i\000e\000j\000s\000z\000e\000\040\000z\000a\000l\000e\000c\000e\000n\000i\000a}{subsubsection.2.9.1.6}% 227
\BOOKMARK [1][-]{section.2.10}{\376\377\000I\000n\000d\000e\000k\000s\000y\000\040\000i\000\040\000t\000a\000b\000e\000l\000e}{chapter.2}% 228
\BOOKMARK [0][-]{chapter.3}{\376\377\000M\000o\000d\000e\000l\000e\000\040\000B\000a\000z\000y\000\040\000D\000a\000n\000y\000c\000h}{}% 229
\BOOKMARK [1][-]{section.3.1}{\376\377\000W\000p\000r\000o\000w\000a\000d\000z\000e\000n\000i\000e}{chapter.3}% 230
\BOOKMARK [1][-]{section.3.2}{\376\377\000M\000o\000d\000e\000l\000\040\000K\000o\000n\000c\000e\000p\000t\000u\000a\000l\000n\000y}{chapter.3}% 231
\BOOKMARK [2][-]{subsection.3.2.1}{\376\377\000R\000e\000l\000a\000c\000j\000e}{section.3.2}% 232
\BOOKMARK [1][-]{section.3.3}{\376\377\000M\000o\000d\000e\000l\000\040\000L\000o\000g\000i\000c\000z\000n\000y}{chapter.3}% 233
\BOOKMARK [2][-]{subsection.3.3.1}{\376\377\000R\000e\000l\000a\000c\000j\000e}{section.3.3}% 234
\BOOKMARK [1][-]{section.3.4}{\376\377\000M\000o\000d\000e\000l\000\040\000F\000i\000z\000y\000c\000z\000n\000y}{chapter.3}% 235
\BOOKMARK [2][-]{subsection.3.4.1}{\376\377\000I\000m\000p\000l\000e\000m\000e\000n\000t\000a\000c\000j\000a\000\040\000s\000q\000l\000i\000t\000e}{section.3.4}% 236
\BOOKMARK [2][-]{subsection.3.4.2}{\376\377\000I\000m\000p\000l\000e\000m\000e\000n\000t\000a\000c\000j\000a\000\040\000p\000o\000s\000t\000g\000r\000e\000s\000q\000l}{section.3.4}% 237
\BOOKMARK [0][-]{chapter.4}{\376\377\000S\000k\000r\000y\000p\000t\000y\000\040\000o\000r\000a\000z\000\040\000Z\000a\000p\000y\000t\000a\000n\000i\000a}{}% 238
\BOOKMARK [1][-]{section.4.1}{\376\377\000W\000s\000t\001\031\000p}{chapter.4}% 239
\BOOKMARK [1][-]{section.4.2}{\376\377\000s\000q\000l\000i\000t\000e}{chapter.4}% 240
\BOOKMARK [2][-]{subsection.4.2.1}{\376\377\000S\000k\000r\000y\000p\000t\000y}{section.4.2}% 241
\BOOKMARK [2][-]{subsection.4.2.2}{\376\377\000Z\000a\000p\000y\000t\000a\000n\000i\000a\000\040\000s\000q\000l}{section.4.2}% 242
\BOOKMARK [1][-]{section.4.3}{\376\377\000p\000o\000s\000t\000g\000r\000e\000s\000q\000l}{chapter.4}% 243
\BOOKMARK [2][-]{subsection.4.3.1}{\376\377\000S\000k\000r\000y\000p\000t\000y}{section.4.3}% 244
\BOOKMARK [2][-]{subsection.4.3.2}{\376\377\000Z\000a\000p\000y\000t\000a\000n\000i\000a\000\040\000s\000q\000l}{section.4.3}% 245
\BOOKMARK [0][-]{chapter.5}{\376\377\000S\000p\000i\000s\000\040\000r\000e\000p\000o\000z\000y\000t\000o\000r\000i\000\363\000w}{}% 246
\BOOKMARK [1][-]{section.5.1}{\376\377\000g\001\102\000\363\000w\000n\000e\000\040\000r\000e\000p\000o\000z\000y\000t\000o\000r\000i\000u\000m}{chapter.5}% 247
\BOOKMARK [1][-]{section.5.2}{\376\377\000m\000\363\000j\000\040\000p\000r\000z\000e\000g\000l\001\005\000d\000\040\000l\000i\000t\000e\000r\000a\000t\000u\000r\000y}{chapter.5}% 248
\BOOKMARK [1][-]{section.5.3}{\376\377\000r\000e\000p\000o\000z\000y\000t\000o\000r\000i\000u\000m\000\040\000z\000e\000\040\000s\000k\000r\000y\000p\000t\000a\000m\000i}{chapter.5}% 249
\BOOKMARK [1][-]{section.5.4}{\376\377\000p\000o\000z\000o\000s\000t\000a\001\102\000e\000\040\000r\000e\000p\000o\000z\000y\000t\000o\000r\000i\000a\000\040\000z\000\040\000p\000r\000z\000e\000g\000l\001\005\000d\000e\000m\000\040\000l\000i\000t\000e\000r\000a\000t\000u\000r\000y}{chapter.5}% 250
\BOOKMARK [0][-]{chapter.6}{\376\377\000I\000n\000d\000i\000c\000e\000s\000\040\000a\000n\000d\000\040\000t\000a\000b\000l\000e\000s}{}% 251
